# JRE version: Java(TM) SE Runtime Environment (8.0_161-b12) (build 1.8.0_161-b12)
# Java VM: Java HotSpot(TM) 64-Bit Server VM (25.161-b12 mixed mode linux-amd64 compressed oops)
Heap:
 PSYoungGen      total 49664K, used 30815K [0x000000076d180000, 0x0000000772480000, 0x00000007c0000000)
  eden space 48128K, 61% used [0x000000076d180000,0x000000076ee37d68,0x0000000770080000)
  from space 1536K, 91% used [0x0000000770180000,0x00000007702e0000,0x0000000770300000)
  to   space 18432K, 0% used [0x0000000771280000,0x0000000771280000,0x0000000772480000)
 ParOldGen       total 171008K, used 34668K [0x00000006c7400000, 0x00000006d1b00000, 0x000000076d180000)
  object space 171008K, 20% used [0x00000006c7400000,0x00000006c95db098,0x00000006d1b00000)
 Metaspace       used 12652K, capacity 12838K, committed 13056K, reserved 1060864K
  class space    used 1390K, capacity 1483K, committed 1536K, reserved 1048576K
GC Heap History (10 events):
Event: 79,804 GC heap before
{Heap before GC invocations=15 (full 0):
 PSYoungGen      total 73728K, used 54656K [0x000000076d180000, 0x0000000773180000, 0x00000007c0000000)
  eden space 53248K, 100% used [0x000000076d180000,0x0000000770580000,0x0000000770580000)
  from space 20480K, 6% used [0x0000000771d80000,0x0000000771ee0000,0x0000000773180000)
  to   space 22528K, 0% used [0x0000000770580000,0x0000000770580000,0x0000000771b80000)
 ParOldGen       total 171008K, used 33308K [0x00000006c7400000, 0x00000006d1b00000, 0x000000076d180000)
  object space 171008K, 19% used [0x00000006c7400000,0x00000006c9487098,0x00000006d1b00000)
 Metaspace       used 12624K, capacity 12838K, committed 13056K, reserved 1060864K
  class space    used 1390K, capacity 1483K, committed 1536K, reserved 1048576K
Event: 79,813 GC heap after
Heap after GC invocations=15 (full 0):
 PSYoungGen      total 53760K, used 1280K [0x000000076d180000, 0x0000000772f80000, 0x00000007c0000000)
  eden space 52224K, 0% used [0x000000076d180000,0x000000076d180000,0x0000000770480000)
  from space 1536K, 83% used [0x0000000770580000,0x00000007706c0000,0x0000000770700000)
  to   space 22016K, 0% used [0x0000000771a00000,0x0000000771a00000,0x0000000772f80000)
 ParOldGen       total 171008K, used 33636K [0x00000006c7400000, 0x00000006d1b00000, 0x000000076d180000)
  object space 171008K, 19% used [0x00000006c7400000,0x00000006c94d9098,0x00000006d1b00000)
 Metaspace       used 12624K, capacity 12838K, committed 13056K, reserved 1060864K
  class space    used 1390K, capacity 1483K, committed 1536K, reserved 1048576K
}
Event: 81,402 GC heap before
{Heap before GC invocations=16 (full 0):
 PSYoungGen      total 53760K, used 53504K [0x000000076d180000, 0x0000000772f80000, 0x00000007c0000000)
  eden space 52224K, 100% used [0x000000076d180000,0x0000000770480000,0x0000000770480000)
  from space 1536K, 83% used [0x0000000770580000,0x00000007706c0000,0x0000000770700000)
  to   space 22016K, 0% used [0x0000000771a00000,0x0000000771a00000,0x0000000772f80000)
 ParOldGen       total 171008K, used 33636K [0x00000006c7400000, 0x00000006d1b00000, 0x000000076d180000)
  object space 171008K, 19% used [0x00000006c7400000,0x00000006c94d9098,0x00000006d1b00000)
 Metaspace       used 12625K, capacity 12838K, committed 13056K, reserved 1060864K
  class space    used 1390K, capacity 1483K, committed 1536K, reserved 1048576K
Event: 81,413 GC heap after
Heap after GC invocations=16 (full 0):
 PSYoungGen      total 70144K, used 1024K [0x000000076d180000, 0x0000000772c80000, 0x00000007c0000000)
  eden space 51200K, 0% used [0x000000076d180000,0x000000076d180000,0x0000000770380000)
  from space 18944K, 5% used [0x0000000771a00000,0x0000000771b00000,0x0000000772c80000)
  to   space 20992K, 0% used [0x0000000770380000,0x0000000770380000,0x0000000771800000)
 ParOldGen       total 171008K, used 33908K [0x00000006c7400000, 0x00000006d1b00000, 0x000000076d180000)
  object space 171008K, 19% used [0x00000006c7400000,0x00000006c951d098,0x00000006d1b00000)
 Metaspace       used 12625K, capacity 12838K, committed 13056K, reserved 1060864K
  class space    used 1390K, capacity 1483K, committed 1536K, reserved 1048576K
}
Event: 82,660 GC heap before
{Heap before GC invocations=17 (full 0):
 PSYoungGen      total 70144K, used 52224K [0x000000076d180000, 0x0000000772c80000, 0x00000007c0000000)
  eden space 51200K, 100% used [0x000000076d180000,0x0000000770380000,0x0000000770380000)
  from space 18944K, 5% used [0x0000000771a00000,0x0000000771b00000,0x0000000772c80000)
  to   space 20992K, 0% used [0x0000000770380000,0x0000000770380000,0x0000000771800000)
 ParOldGen       total 171008K, used 33908K [0x00000006c7400000, 0x00000006d1b00000, 0x000000076d180000)
  object space 171008K, 19% used [0x00000006c7400000,0x00000006c951d098,0x00000006d1b00000)
 Metaspace       used 12625K, capacity 12838K, committed 13056K, reserved 1060864K
  class space    used 1390K, capacity 1483K, committed 1536K, reserved 1048576K
Event: 82,663 GC heap after
Heap after GC invocations=17 (full 0):
 PSYoungGen      total 51712K, used 1472K [0x000000076d180000, 0x0000000772a80000, 0x00000007c0000000)
  eden space 50176K, 0% used [0x000000076d180000,0x000000076d180000,0x0000000770280000)
  from space 1536K, 95% used [0x0000000770380000,0x00000007704f0000,0x0000000770500000)
  to   space 20480K, 0% used [0x0000000771680000,0x0000000771680000,0x0000000772a80000)
 ParOldGen       total 171008K, used 34108K [0x00000006c7400000, 0x00000006d1b00000, 0x000000076d180000)
  object space 171008K, 19% used [0x00000006c7400000,0x00000006c954f098,0x00000006d1b00000)
 Metaspace       used 12625K, capacity 12838K, committed 13056K, reserved 1060864K
  class space    used 1390K, capacity 1483K, committed 1536K, reserved 1048576K
}
Event: 337,238 GC heap before
{Heap before GC invocations=18 (full 0):
 PSYoungGen      total 51712K, used 51648K [0x000000076d180000, 0x0000000772a80000, 0x00000007c0000000)
  eden space 50176K, 100% used [0x000000076d180000,0x0000000770280000,0x0000000770280000)
  from space 1536K, 95% used [0x0000000770380000,0x00000007704f0000,0x0000000770500000)
  to   space 20480K, 0% used [0x0000000771680000,0x0000000771680000,0x0000000772a80000)
 ParOldGen       total 171008K, used 34108K [0x00000006c7400000, 0x00000006d1b00000, 0x000000076d180000)
  object space 171008K, 19% used [0x00000006c7400000,0x00000006c954f098,0x00000006d1b00000)
 Metaspace       used 12634K, capacity 12838K, committed 13056K, reserved 1060864K
  class space    used 1390K, capacity 1483K, committed 1536K, reserved 1048576K
Event: 337,241 GC heap after
Heap after GC invocations=18 (full 0):
 PSYoungGen      total 66560K, used 1088K [0x000000076d180000, 0x0000000772780000, 0x00000007c0000000)
  eden space 49152K, 0% used [0x000000076d180000,0x000000076d180000,0x0000000770180000)
  from space 17408K, 6% used [0x0000000771680000,0x0000000771790000,0x0000000772780000)
  to   space 19456K, 0% used [0x0000000770180000,0x0000000770180000,0x0000000771480000)
 ParOldGen       total 171008K, used 34484K [0x00000006c7400000, 0x00000006d1b00000, 0x000000076d180000)
  object space 171008K, 20% used [0x00000006c7400000,0x00000006c95ad098,0x00000006d1b00000)
 Metaspace       used 12634K, capacity 12838K, committed 13056K, reserved 1060864K
  class space    used 1390K, capacity 1483K, committed 1536K, reserved 1048576K
}
Event: 338,410 GC heap before
{Heap before GC invocations=19 (full 0):
 PSYoungGen      total 66560K, used 50240K [0x000000076d180000, 0x0000000772780000, 0x00000007c0000000)
  eden space 49152K, 100% used [0x000000076d180000,0x0000000770180000,0x0000000770180000)
  from space 17408K, 6% used [0x0000000771680000,0x0000000771790000,0x0000000772780000)
  to   space 19456K, 0% used [0x0000000770180000,0x0000000770180000,0x0000000771480000)
 ParOldGen       total 171008K, used 34484K [0x00000006c7400000, 0x00000006d1b00000, 0x000000076d180000)
  object space 171008K, 20% used [0x00000006c7400000,0x00000006c95ad098,0x00000006d1b00000)
 Metaspace       used 12634K, capacity 12838K, committed 13056K, reserved 1060864K
  class space    used 1390K, capacity 1483K, committed 1536K, reserved 1048576K
Event: 338,412 GC heap after
Heap after GC invocations=19 (full 0):
 PSYoungGen      total 49664K, used 1408K [0x000000076d180000, 0x0000000772480000, 0x00000007c0000000)
  eden space 48128K, 0% used [0x000000076d180000,0x000000076d180000,0x0000000770080000)
  from space 1536K, 91% used [0x0000000770180000,0x00000007702e0000,0x0000000770300000)
  to   space 18432K, 0% used [0x0000000771280000,0x0000000771280000,0x0000000772480000)
 ParOldGen       total 171008K, used 34668K [0x00000006c7400000, 0x00000006d1b00000, 0x000000076d180000)
  object space 171008K, 20% used [0x00000006c7400000,0x00000006c95db098,0x00000006d1b00000)
 Metaspace       used 12634K, capacity 12838K, committed 13056K, reserved 1060864K
  class space    used 1390K, capacity 1483K, committed 1536K, reserved 1048576K
}

