# JRE version: Java(TM) SE Runtime Environment (8.0_161-b12) (build 1.8.0_161-b12)
# Java VM: Java HotSpot(TM) 64-Bit Server VM (25.161-b12 mixed mode linux-amd64 compressed oops)
Heap:
 PSYoungGen      total 31232K, used 30109K [0x000000076d180000, 0x000000076f180000, 0x00000007c0000000)
  eden space 29696K, 98% used [0x000000076d180000,0x000000076ee27790,0x000000076ee80000)
  from space 1536K, 50% used [0x000000076ee80000,0x000000076ef40000,0x000000076f000000)
  to   space 1536K, 0% used [0x000000076f000000,0x000000076f000000,0x000000076f180000)
 ParOldGen       total 171008K, used 64873K [0x00000006c7400000, 0x00000006d1b00000, 0x000000076d180000)
  object space 171008K, 37% used [0x00000006c7400000,0x00000006cb35a6a8,0x00000006d1b00000)
 Metaspace       used 12850K, capacity 13052K, committed 13312K, reserved 1060864K
  class space    used 1397K, capacity 1486K, committed 1536K, reserved 1048576K
GC Heap History (10 events):
Event: 163,314 GC heap before
{Heap before GC invocations=127 (full 0):
 PSYoungGen      total 31232K, used 30048K [0x000000076d180000, 0x000000076f180000, 0x00000007c0000000)
  eden space 29696K, 100% used [0x000000076d180000,0x000000076ee80000,0x000000076ee80000)
  from space 1536K, 22% used [0x000000076f000000,0x000000076f058000,0x000000076f180000)
  to   space 1536K, 0% used [0x000000076ee80000,0x000000076ee80000,0x000000076f000000)
 ParOldGen       total 171008K, used 64025K [0x00000006c7400000, 0x00000006d1b00000, 0x000000076d180000)
  object space 171008K, 37% used [0x00000006c7400000,0x00000006cb2866a8,0x00000006d1b00000)
 Metaspace       used 12850K, capacity 13052K, committed 13312K, reserved 1060864K
  class space    used 1397K, capacity 1486K, committed 1536K, reserved 1048576K
Event: 163,318 GC heap after
Heap after GC invocations=127 (full 0):
 PSYoungGen      total 31232K, used 928K [0x000000076d180000, 0x000000076f180000, 0x00000007c0000000)
  eden space 29696K, 0% used [0x000000076d180000,0x000000076d180000,0x000000076ee80000)
  from space 1536K, 60% used [0x000000076ee80000,0x000000076ef68000,0x000000076f000000)
  to   space 1536K, 0% used [0x000000076f000000,0x000000076f000000,0x000000076f180000)
 ParOldGen       total 171008K, used 64113K [0x00000006c7400000, 0x00000006d1b00000, 0x000000076d180000)
  object space 171008K, 37% used [0x00000006c7400000,0x00000006cb29c6a8,0x00000006d1b00000)
 Metaspace       used 12850K, capacity 13052K, committed 13312K, reserved 1060864K
  class space    used 1397K, capacity 1486K, committed 1536K, reserved 1048576K
}
Event: 164,068 GC heap before
{Heap before GC invocations=128 (full 0):
 PSYoungGen      total 31232K, used 30624K [0x000000076d180000, 0x000000076f180000, 0x00000007c0000000)
  eden space 29696K, 100% used [0x000000076d180000,0x000000076ee80000,0x000000076ee80000)
  from space 1536K, 60% used [0x000000076ee80000,0x000000076ef68000,0x000000076f000000)
  to   space 1536K, 0% used [0x000000076f000000,0x000000076f000000,0x000000076f180000)
 ParOldGen       total 171008K, used 64113K [0x00000006c7400000, 0x00000006d1b00000, 0x000000076d180000)
  object space 171008K, 37% used [0x00000006c7400000,0x00000006cb29c6a8,0x00000006d1b00000)
 Metaspace       used 12850K, capacity 13052K, committed 13312K, reserved 1060864K
  class space    used 1397K, capacity 1486K, committed 1536K, reserved 1048576K
Event: 164,072 GC heap after
Heap after GC invocations=128 (full 0):
 PSYoungGen      total 31232K, used 832K [0x000000076d180000, 0x000000076f180000, 0x00000007c0000000)
  eden space 29696K, 0% used [0x000000076d180000,0x000000076d180000,0x000000076ee80000)
  from space 1536K, 54% used [0x000000076f000000,0x000000076f0d0000,0x000000076f180000)
  to   space 1536K, 0% used [0x000000076ee80000,0x000000076ee80000,0x000000076f000000)
 ParOldGen       total 171008K, used 64321K [0x00000006c7400000, 0x00000006d1b00000, 0x000000076d180000)
  object space 171008K, 37% used [0x00000006c7400000,0x00000006cb2d06a8,0x00000006d1b00000)
 Metaspace       used 12850K, capacity 13052K, committed 13312K, reserved 1060864K
  class space    used 1397K, capacity 1486K, committed 1536K, reserved 1048576K
}
Event: 165,202 GC heap before
{Heap before GC invocations=129 (full 0):
 PSYoungGen      total 31232K, used 30528K [0x000000076d180000, 0x000000076f180000, 0x00000007c0000000)
  eden space 29696K, 100% used [0x000000076d180000,0x000000076ee80000,0x000000076ee80000)
  from space 1536K, 54% used [0x000000076f000000,0x000000076f0d0000,0x000000076f180000)
  to   space 1536K, 0% used [0x000000076ee80000,0x000000076ee80000,0x000000076f000000)
 ParOldGen       total 171008K, used 64321K [0x00000006c7400000, 0x00000006d1b00000, 0x000000076d180000)
  object space 171008K, 37% used [0x00000006c7400000,0x00000006cb2d06a8,0x00000006d1b00000)
 Metaspace       used 12850K, capacity 13052K, committed 13312K, reserved 1060864K
  class space    used 1397K, capacity 1486K, committed 1536K, reserved 1048576K
Event: 165,211 GC heap after
Heap after GC invocations=129 (full 0):
 PSYoungGen      total 31232K, used 416K [0x000000076d180000, 0x000000076f180000, 0x00000007c0000000)
  eden space 29696K, 0% used [0x000000076d180000,0x000000076d180000,0x000000076ee80000)
  from space 1536K, 27% used [0x000000076ee80000,0x000000076eee8000,0x000000076f000000)
  to   space 1536K, 0% used [0x000000076f000000,0x000000076f000000,0x000000076f180000)
 ParOldGen       total 171008K, used 64601K [0x00000006c7400000, 0x00000006d1b00000, 0x000000076d180000)
  object space 171008K, 37% used [0x00000006c7400000,0x00000006cb3166a8,0x00000006d1b00000)
 Metaspace       used 12850K, capacity 13052K, committed 13312K, reserved 1060864K
  class space    used 1397K, capacity 1486K, committed 1536K, reserved 1048576K
}
Event: 165,846 GC heap before
{Heap before GC invocations=130 (full 0):
 PSYoungGen      total 31232K, used 30112K [0x000000076d180000, 0x000000076f180000, 0x00000007c0000000)
  eden space 29696K, 100% used [0x000000076d180000,0x000000076ee80000,0x000000076ee80000)
  from space 1536K, 27% used [0x000000076ee80000,0x000000076eee8000,0x000000076f000000)
  to   space 1536K, 0% used [0x000000076f000000,0x000000076f000000,0x000000076f180000)
 ParOldGen       total 171008K, used 64601K [0x00000006c7400000, 0x00000006d1b00000, 0x000000076d180000)
  object space 171008K, 37% used [0x00000006c7400000,0x00000006cb3166a8,0x00000006d1b00000)
 Metaspace       used 12850K, capacity 13052K, committed 13312K, reserved 1060864K
  class space    used 1397K, capacity 1486K, committed 1536K, reserved 1048576K
Event: 165,856 GC heap after
Heap after GC invocations=130 (full 0):
 PSYoungGen      total 31232K, used 928K [0x000000076d180000, 0x000000076f180000, 0x00000007c0000000)
  eden space 29696K, 0% used [0x000000076d180000,0x000000076d180000,0x000000076ee80000)
  from space 1536K, 60% used [0x000000076f000000,0x000000076f0e8000,0x000000076f180000)
  to   space 1536K, 0% used [0x000000076ee80000,0x000000076ee80000,0x000000076f000000)
 ParOldGen       total 171008K, used 64665K [0x00000006c7400000, 0x00000006d1b00000, 0x000000076d180000)
  object space 171008K, 37% used [0x00000006c7400000,0x00000006cb3266a8,0x00000006d1b00000)
 Metaspace       used 12850K, capacity 13052K, committed 13312K, reserved 1060864K
  class space    used 1397K, capacity 1486K, committed 1536K, reserved 1048576K
}
Event: 166,589 GC heap before
{Heap before GC invocations=131 (full 0):
 PSYoungGen      total 31232K, used 30624K [0x000000076d180000, 0x000000076f180000, 0x00000007c0000000)
  eden space 29696K, 100% used [0x000000076d180000,0x000000076ee80000,0x000000076ee80000)
  from space 1536K, 60% used [0x000000076f000000,0x000000076f0e8000,0x000000076f180000)
  to   space 1536K, 0% used [0x000000076ee80000,0x000000076ee80000,0x000000076f000000)
 ParOldGen       total 171008K, used 64665K [0x00000006c7400000, 0x00000006d1b00000, 0x000000076d180000)
  object space 171008K, 37% used [0x00000006c7400000,0x00000006cb3266a8,0x00000006d1b00000)
 Metaspace       used 12850K, capacity 13052K, committed 13312K, reserved 1060864K
  class space    used 1397K, capacity 1486K, committed 1536K, reserved 1048576K
Event: 166,591 GC heap after
Heap after GC invocations=131 (full 0):
 PSYoungGen      total 31232K, used 768K [0x000000076d180000, 0x000000076f180000, 0x00000007c0000000)
  eden space 29696K, 0% used [0x000000076d180000,0x000000076d180000,0x000000076ee80000)
  from space 1536K, 50% used [0x000000076ee80000,0x000000076ef40000,0x000000076f000000)
  to   space 1536K, 0% used [0x000000076f000000,0x000000076f000000,0x000000076f180000)
 ParOldGen       total 171008K, used 64873K [0x00000006c7400000, 0x00000006d1b00000, 0x000000076d180000)
  object space 171008K, 37% used [0x00000006c7400000,0x00000006cb35a6a8,0x00000006d1b00000)
 Metaspace       used 12850K, capacity 13052K, committed 13312K, reserved 1060864K
  class space    used 1397K, capacity 1486K, committed 1536K, reserved 1048576K
}

