# JRE version: Java(TM) SE Runtime Environment (8.0_161-b12) (build 1.8.0_161-b12)
# Java VM: Java HotSpot(TM) 64-Bit Server VM (25.161-b12 mixed mode linux-amd64 compressed oops)
Heap:
 PSYoungGen      total 35328K, used 32938K [0x000000076d180000, 0x000000076fb00000, 0x00000007c0000000)
  eden space 34304K, 93% used [0x000000076d180000,0x000000076f0aa918,0x000000076f300000)
  from space 1024K, 100% used [0x000000076f380000,0x000000076f480000,0x000000076f480000)
  to   space 4096K, 0% used [0x000000076f700000,0x000000076f700000,0x000000076fb00000)
 ParOldGen       total 171008K, used 40213K [0x00000006c7400000, 0x00000006d1b00000, 0x000000076d180000)
  object space 171008K, 23% used [0x00000006c7400000,0x00000006c9b45630,0x00000006d1b00000)
 Metaspace       used 12980K, capacity 13174K, committed 13568K, reserved 1060864K
  class space    used 1395K, capacity 1485K, committed 1536K, reserved 1048576K
GC Heap History (10 events):
Event: 108,867 GC heap before
{Heap before GC invocations=41 (full 0):
 PSYoungGen      total 41984K, used 37984K [0x000000076d180000, 0x0000000770080000, 0x00000007c0000000)
  eden space 36864K, 100% used [0x000000076d180000,0x000000076f580000,0x000000076f580000)
  from space 5120K, 21% used [0x000000076fb80000,0x000000076fc98000,0x0000000770080000)
  to   space 5632K, 0% used [0x000000076f580000,0x000000076f580000,0x000000076fb00000)
 ParOldGen       total 171008K, used 39133K [0x00000006c7400000, 0x00000006d1b00000, 0x000000076d180000)
  object space 171008K, 22% used [0x00000006c7400000,0x00000006c9a37630,0x00000006d1b00000)
 Metaspace       used 12980K, capacity 13174K, committed 13568K, reserved 1060864K
  class space    used 1395K, capacity 1485K, committed 1536K, reserved 1048576K
Event: 108,874 GC heap after
Heap after GC invocations=41 (full 0):
 PSYoungGen      total 37376K, used 672K [0x000000076d180000, 0x000000076ff00000, 0x00000007c0000000)
  eden space 36352K, 0% used [0x000000076d180000,0x000000076d180000,0x000000076f500000)
  from space 1024K, 65% used [0x000000076f580000,0x000000076f628000,0x000000076f680000)
  to   space 5120K, 0% used [0x000000076fa00000,0x000000076fa00000,0x000000076ff00000)
 ParOldGen       total 171008K, used 39453K [0x00000006c7400000, 0x00000006d1b00000, 0x000000076d180000)
  object space 171008K, 23% used [0x00000006c7400000,0x00000006c9a87630,0x00000006d1b00000)
 Metaspace       used 12980K, capacity 13174K, committed 13568K, reserved 1060864K
  class space    used 1395K, capacity 1485K, committed 1536K, reserved 1048576K
}
Event: 109,762 GC heap before
{Heap before GC invocations=42 (full 0):
 PSYoungGen      total 37376K, used 37024K [0x000000076d180000, 0x000000076ff00000, 0x00000007c0000000)
  eden space 36352K, 100% used [0x000000076d180000,0x000000076f500000,0x000000076f500000)
  from space 1024K, 65% used [0x000000076f580000,0x000000076f628000,0x000000076f680000)
  to   space 5120K, 0% used [0x000000076fa00000,0x000000076fa00000,0x000000076ff00000)
 ParOldGen       total 171008K, used 39453K [0x00000006c7400000, 0x00000006d1b00000, 0x000000076d180000)
  object space 171008K, 23% used [0x00000006c7400000,0x00000006c9a87630,0x00000006d1b00000)
 Metaspace       used 12980K, capacity 13174K, committed 13568K, reserved 1060864K
  class space    used 1395K, capacity 1485K, committed 1536K, reserved 1048576K
Event: 109,764 GC heap after
Heap after GC invocations=42 (full 0):
 PSYoungGen      total 40448K, used 1248K [0x000000076d180000, 0x000000076fe80000, 0x00000007c0000000)
  eden space 35840K, 0% used [0x000000076d180000,0x000000076d180000,0x000000076f480000)
  from space 4608K, 27% used [0x000000076fa00000,0x000000076fb38000,0x000000076fe80000)
  to   space 5120K, 0% used [0x000000076f480000,0x000000076f480000,0x000000076f980000)
 ParOldGen       total 171008K, used 39581K [0x00000006c7400000, 0x00000006d1b00000, 0x000000076d180000)
  object space 171008K, 23% used [0x00000006c7400000,0x00000006c9aa7630,0x00000006d1b00000)
 Metaspace       used 12980K, capacity 13174K, committed 13568K, reserved 1060864K
  class space    used 1395K, capacity 1485K, committed 1536K, reserved 1048576K
}
Event: 110,731 GC heap before
{Heap before GC invocations=43 (full 0):
 PSYoungGen      total 40448K, used 37088K [0x000000076d180000, 0x000000076fe80000, 0x00000007c0000000)
  eden space 35840K, 100% used [0x000000076d180000,0x000000076f480000,0x000000076f480000)
  from space 4608K, 27% used [0x000000076fa00000,0x000000076fb38000,0x000000076fe80000)
  to   space 5120K, 0% used [0x000000076f480000,0x000000076f480000,0x000000076f980000)
 ParOldGen       total 171008K, used 39581K [0x00000006c7400000, 0x00000006d1b00000, 0x000000076d180000)
  object space 171008K, 23% used [0x00000006c7400000,0x00000006c9aa7630,0x00000006d1b00000)
 Metaspace       used 12980K, capacity 13174K, committed 13568K, reserved 1060864K
  class space    used 1395K, capacity 1485K, committed 1536K, reserved 1048576K
Event: 110,733 GC heap after
Heap after GC invocations=43 (full 0):
 PSYoungGen      total 36352K, used 992K [0x000000076d180000, 0x000000076fd00000, 0x00000007c0000000)
  eden space 35328K, 0% used [0x000000076d180000,0x000000076d180000,0x000000076f400000)
  from space 1024K, 96% used [0x000000076f480000,0x000000076f578000,0x000000076f580000)
  to   space 4608K, 0% used [0x000000076f880000,0x000000076f880000,0x000000076fd00000)
 ParOldGen       total 171008K, used 39845K [0x00000006c7400000, 0x00000006d1b00000, 0x000000076d180000)
  object space 171008K, 23% used [0x00000006c7400000,0x00000006c9ae9630,0x00000006d1b00000)
 Metaspace       used 12980K, capacity 13174K, committed 13568K, reserved 1060864K
  class space    used 1395K, capacity 1485K, committed 1536K, reserved 1048576K
}
Event: 111,870 GC heap before
{Heap before GC invocations=44 (full 0):
 PSYoungGen      total 36352K, used 36319K [0x000000076d180000, 0x000000076fd00000, 0x00000007c0000000)
  eden space 35328K, 99% used [0x000000076d180000,0x000000076f3ffc48,0x000000076f400000)
  from space 1024K, 96% used [0x000000076f480000,0x000000076f578000,0x000000076f580000)
  to   space 4608K, 0% used [0x000000076f880000,0x000000076f880000,0x000000076fd00000)
 ParOldGen       total 171008K, used 39845K [0x00000006c7400000, 0x00000006d1b00000, 0x000000076d180000)
  object space 171008K, 23% used [0x00000006c7400000,0x00000006c9ae9630,0x00000006d1b00000)
 Metaspace       used 12980K, capacity 13174K, committed 13568K, reserved 1060864K
  class space    used 1395K, capacity 1485K, committed 1536K, reserved 1048576K
Event: 111,872 GC heap after
Heap after GC invocations=44 (full 0):
 PSYoungGen      total 38912K, used 992K [0x000000076d180000, 0x000000076fc80000, 0x00000007c0000000)
  eden space 34816K, 0% used [0x000000076d180000,0x000000076d180000,0x000000076f380000)
  from space 4096K, 24% used [0x000000076f880000,0x000000076f978000,0x000000076fc80000)
  to   space 4608K, 0% used [0x000000076f380000,0x000000076f380000,0x000000076f800000)
 ParOldGen       total 171008K, used 40061K [0x00000006c7400000, 0x00000006d1b00000, 0x000000076d180000)
  object space 171008K, 23% used [0x00000006c7400000,0x00000006c9b1f630,0x00000006d1b00000)
 Metaspace       used 12980K, capacity 13174K, committed 13568K, reserved 1060864K
  class space    used 1395K, capacity 1485K, committed 1536K, reserved 1048576K
}
Event: 112,751 GC heap before
{Heap before GC invocations=45 (full 0):
 PSYoungGen      total 38912K, used 35808K [0x000000076d180000, 0x000000076fc80000, 0x00000007c0000000)
  eden space 34816K, 100% used [0x000000076d180000,0x000000076f380000,0x000000076f380000)
  from space 4096K, 24% used [0x000000076f880000,0x000000076f978000,0x000000076fc80000)
  to   space 4608K, 0% used [0x000000076f380000,0x000000076f380000,0x000000076f800000)
 ParOldGen       total 171008K, used 40061K [0x00000006c7400000, 0x00000006d1b00000, 0x000000076d180000)
  object space 171008K, 23% used [0x00000006c7400000,0x00000006c9b1f630,0x00000006d1b00000)
 Metaspace       used 12980K, capacity 13174K, committed 13568K, reserved 1060864K
  class space    used 1395K, capacity 1485K, committed 1536K, reserved 1048576K
Event: 112,760 GC heap after
Heap after GC invocations=45 (full 0):
 PSYoungGen      total 35328K, used 1024K [0x000000076d180000, 0x000000076fb00000, 0x00000007c0000000)
  eden space 34304K, 0% used [0x000000076d180000,0x000000076d180000,0x000000076f300000)
  from space 1024K, 100% used [0x000000076f380000,0x000000076f480000,0x000000076f480000)
  to   space 4096K, 0% used [0x000000076f700000,0x000000076f700000,0x000000076fb00000)
 ParOldGen       total 171008K, used 40213K [0x00000006c7400000, 0x00000006d1b00000, 0x000000076d180000)
  object space 171008K, 23% used [0x00000006c7400000,0x00000006c9b45630,0x00000006d1b00000)
 Metaspace       used 12980K, capacity 13174K, committed 13568K, reserved 1060864K
  class space    used 1395K, capacity 1485K, committed 1536K, reserved 1048576K
}

